

> general@0.0.1 build
> astro check && astro build

[2m23:51:50[22m [34m[vite][39m Re-optimizing dependencies because vite config has changed
[2m23:51:51[22m Types generated [2m415ms[22m
[2m23:51:51[22m [34m[check][39m Getting diagnostics for Astro files in /Users/mac/Desktop/devprojects/frontend/main-website/general...
[96msrc/components/sections/Team.astro[0m:[93m15[0m:[93m14[0m - [93mwarning[0m[90m ts(6133): [0m'p6' is declared but its value is never read.

[7m15[0m   default as p6,
[7m  [0m [93m             ~~[0m
[96msrc/components/sections/Team.astro[0m:[93m14[0m:[93m14[0m - [93mwarning[0m[90m ts(6133): [0m'p5' is declared but its value is never read.

[7m14[0m   default as p5,
[7m  [0m [93m             ~~[0m
[96msrc/components/sections/Team.astro[0m:[93m13[0m:[93m14[0m - [93mwarning[0m[90m ts(6133): [0m'p4' is declared but its value is never read.

[7m13[0m   default as p4,
[7m  [0m [93m             ~~[0m
[96msrc/components/sections/Team.astro[0m:[93m11[0m:[93m14[0m - [93mwarning[0m[90m ts(6133): [0m'p2' is declared but its value is never read.

[7m11[0m   default as p2,
[7m  [0m [93m             ~~[0m

[96msrc/pages/404.astro[0m:[93m5[0m:[93m1[0m - [93mwarning[0m[90m ts(6133): [0m'Testimonials' is declared but its value is never read.

[7m5[0m import Testimonials from "../components/sections/Testimonials.astro";
[7m [0m [93m~~~~~~~~~~~~~~~~~~~~~~~~~~~~~~~~~~~~~~~~~~~~~~~~~~~~~~~~~~~~~~~~~~~~~[0m
[96msrc/pages/404.astro[0m:[93m4[0m:[93m1[0m - [93mwarning[0m[90m ts(6133): [0m'Team' is declared but its value is never read.

[7m4[0m import Team from "../components/sections/Team.astro";
[7m [0m [93m~~~~~~~~~~~~~~~~~~~~~~~~~~~~~~~~~~~~~~~~~~~~~~~~~~~~~[0m
[96msrc/pages/404.astro[0m:[93m3[0m:[93m1[0m - [93mwarning[0m[90m ts(6133): [0m'Contact' is declared but its value is never read.

[7m3[0m import Contact from "../components/sections/Contact.astro";
[7m [0m [93m~~~~~~~~~~~~~~~~~~~~~~~~~~~~~~~~~~~~~~~~~~~~~~~~~~~~~~~~~~~[0m

[1mResult (33 files): [22m
[2m-[22m [1m[31m0 errors[39m[22m
[2m-[22m [1m[33m0 warnings[39m[22m
[2m-[22m [2m7 hints
[22m
