

> engineering@0.5.0 build
> astro check && astro build

[2m23:51:53[22m [34m[vite][39m Re-optimizing dependencies because lockfile has changed
[2m23:51:54[22m [34m[content][39m Syncing content
[2m23:51:55[22m [34m[content][39m Synced content
[2m23:51:55[22m [34m[types][39m Generated [2m4.37s[22m
[2m23:51:55[22m [34m[check][39m Getting diagnostics for Astro files in /Users/mac/Desktop/devprojects/frontend/main-website/engineering...
[96mastro.config.mjs[0m:[93m9[0m:[93m70[0m - [91merror[0m[90m ts(2322): [0mType 'AstroIntegration' is not assignable to type 'false | AstroIntegration | (false | AstroIntegration | null | undefined)[] | null | undefined'.
  Type 'import("/Users/mac/Desktop/devprojects/frontend/main-website/node_modules/astro/dist/@types/astro").AstroIntegration' is not assignable to type 'import("/Users/mac/Desktop/devprojects/frontend/main-website/engineering/node_modules/astro/dist/types/public/integrations").AstroIntegration'.

[7m9[0m     integrations: [Unocss({ injectReset: true, injectEntry: true }), icon()]
[7m [0m [91m                                                                     ~~~~~~[0m
[96mastro.config.mjs[0m:[93m9[0m:[93m20[0m - [91merror[0m[90m ts(2322): [0mType 'AstroIntegration' is not assignable to type 'false | AstroIntegration | (false | AstroIntegration | null | undefined)[] | null | undefined'.
  Type 'import("/Users/mac/Desktop/devprojects/frontend/main-website/node_modules/astro/dist/@types/astro").AstroIntegration' is not assignable to type 'import("/Users/mac/Desktop/devprojects/frontend/main-website/engineering/node_modules/astro/dist/types/public/integrations").AstroIntegration'.

[7m9[0m     integrations: [Unocss({ injectReset: true, injectEntry: true }), icon()]
[7m [0m [91m                   ~~~~~~~~~~~~~~~~~~~~~~~~~~~~~~~~~~~~~~~~~~~~~~~~[0m

[96msrc/components/InvestorGrid.astro[0m:[93m35[0m:[93m60[0m - [93mwarning[0m[90m ts(6133): [0m'logo' is declared but its value is never read.

[7m35[0m                 {investorsReducedByType.minor.map(({ name, logo, subtitle }) => {
[7m  [0m [93m                                                           ~~~~[0m
[96msrc/components/InvestorGrid.astro[0m:[93m25[0m:[93m74[0m - [93mwarning[0m[90m ts(6133): [0m'subtitle' is declared but its value is never read.

[7m25[0m                 {investorsReducedByType.major.map(({ name, logo = false, subtitle = false }) => {
[7m  [0m [93m                                                                         ~~~~~~~~[0m
[96msrc/components/InvestorGrid.astro[0m:[93m25[0m:[93m60[0m - [93mwarning[0m[90m ts(6133): [0m'logo' is declared but its value is never read.

[7m25[0m                 {investorsReducedByType.major.map(({ name, logo = false, subtitle = false }) => {
[7m  [0m [93m                                                           ~~~~[0m

[96msrc/components/ModeToggle.astro[0m:[93m19[0m:[93m13[0m - [93mwarning[0m[90m ts(6133): [0m'nextMode' is declared but its value is never read.

[7m19[0m         let nextMode = currentMode === 'light' ? 'dark' : 'light';
[7m  [0m [93m            ~~~~~~~~[0m
[96msrc/components/ModeToggle.astro[0m:[93m17[0m:[93m11[0m - [93mwarning[0m[90m ts(6133): [0m'toggle' is declared but its value is never read.

[7m17[0m     const toggle = () => {
[7m  [0m [93m          ~~~~~~[0m

[96msrc/components/ProjectCard.astro[0m:[93m10[0m:[93m56[0m - [93mwarning[0m[90m ts(6133): [0m'logo' is declared but its value is never read.

[7m10[0m const { title, subtitle, contributors, stars, repoUrl, logo = null, starsBy = 1, contributorsBy = 1 } = Astro.props;
[7m  [0m [93m                                                       ~~~~[0m

[96msrc/components/Section.astro[0m:[93m2[0m:[93m11[0m - [93mwarning[0m[90m ts(6196): [0m'Props' is declared but never used.

[7m2[0m interface Props {
[7m [0m [93m          ~~~~~[0m

[96msrc/pages/index.astro[0m:[93m4[0m:[93m1[0m - [93mwarning[0m[90m ts(6133): [0m'CountUp' is declared but its value is never read.

[7m4[0m import CountUp from '../components/CountUp.astro';
[7m [0m [93m~~~~~~~~~~~~~~~~~~~~~~~~~~~~~~~~~~~~~~~~~~~~~~~~~~[0m

[96msrc/pages/blog/[...slug].astro[0m:[93m31[0m:[93m32[0m - [91merror[0m[90m ts(18048): [0m'author' is possibly 'undefined'.

[7m31[0m         <Section source={`by ${author.data.name}`} fullWidthBorder class="content-wrapper">
[7m  [0m [91m                               ~~~~~~[0m
[96msrc/pages/blog/[...slug].astro[0m:[93m28[0m:[93m39[0m - [91merror[0m[90m ts(18048): [0m'post' is possibly 'undefined'.

[7m28[0m         <FormattedDate date={new Date(post.data.pubDate)} />
[7m  [0m [91m                                      ~~~~[0m
[96msrc/pages/blog/[...slug].astro[0m:[93m27[0m:[93m39[0m - [91merror[0m[90m ts(18048): [0m'post' is possibly 'undefined'.

[7m27[0m         {post.data.description ?? <p>{post.data.description}</p>}
[7m  [0m [91m                                      ~~~~[0m
[96msrc/pages/blog/[...slug].astro[0m:[93m27[0m:[93m10[0m - [91merror[0m[90m ts(18048): [0m'post' is possibly 'undefined'.

[7m27[0m         {post.data.description ?? <p>{post.data.description}</p>}
[7m  [0m [91m         ~~~~[0m
[96msrc/pages/blog/[...slug].astro[0m:[93m26[0m:[93m41[0m - [91merror[0m[90m ts(18048): [0m'post' is possibly 'undefined'.

[7m26[0m         <h1 class="text-20 leading-20">{post.data.title}</h1>
[7m  [0m [91m                                        ~~~~[0m
[96msrc/pages/blog/[...slug].astro[0m:[93m23[0m:[93m16[0m - [91merror[0m[90m ts(18048): [0m'post' is possibly 'undefined'.

[7m23[0m <Layout title={post.data.title}>
[7m  [0m [91m               ~~~~[0m
[96msrc/pages/blog/[...slug].astro[0m:[93m21[0m:[93m27[0m - [91merror[0m[90m ts(18048): [0m'post' is possibly 'undefined'.

[7m21[0m const { Content } = await post.render();
[7m  [0m [91m                          ~~~~[0m
[96msrc/pages/blog/[...slug].astro[0m:[93m20[0m:[93m42[0m - [91merror[0m[90m ts(18048): [0m'post' is possibly 'undefined'.

[7m20[0m const author = await getEntry('authors', post.data.author.id);
[7m  [0m [91m                                         ~~~~[0m

[96msrc/pages/blog/index.astro[0m:[93m29[0m:[93m62[0m - [91merror[0m[90m ts(18048): [0m'author' is possibly 'undefined'.

[7m29[0m                             <small class="small">Written by {author.data.name}</small>
[7m  [0m [91m                                                             ~~~~~~[0m

[1mResult (23 files): [22m
[2m-[22m [1m[31m11 errors[39m[22m
[2m-[22m [1m[33m0 warnings[39m[22m
[2m-[22m [2m8 hints
[22m
[37;40mnpm[0m [0m[31;40mERR![0m [0m[35mLifecycle script `build` failed with error:[0m 
[0m[37;40mnpm[0m [0m[31;40mERR![0m [0m[35mError: command failed[0m 
[0m[37;40mnpm[0m [0m[31;40mERR![0m [0m[35m  in workspace: engineering@0.5.0[0m 
[0m[37;40mnpm[0m [0m[31;40mERR![0m [0m[35m  at location: /Users/mac/Desktop/devprojects/frontend/main-website/engineering[0m 
[0m
