

> academy@0.0.1 build
> astro build

[0m[2m11:51:48 PM [22m[1m[36m[content][39m[22m [0mNo content directory found. Skipping type generation.
[0m[2m11:51:48 PM [22m[1m[36m[build][39m[22m [0moutput target: [32mserver[39m
[0m[2m11:51:48 PM [22m[1m[36m[build][39m[22m [0mdeploy adapter: [32m@astrojs/netlify/functions[39m
[0m[2m11:51:48 PM [22m[1m[36m[build][39m[22m [0mCollecting build info...
[0m[2m11:51:48 PM [22m[1m[36m[build][39m[22m [0m[2mCompleted in 176ms.[22m
[0m[2m11:51:48 PM [22m[1m[36m[build][39m[22m [0mBuilding server entrypoints...
[33m[1mDeprecation Warning[0m [[34mlegacy-js-api[0m]: The legacy JS API is deprecated and will be removed in Dart Sass 2.0.0.

More info: https://sass-lang.com/d/legacy-js-api

[33m[1mDeprecation Warning[0m [[34mlegacy-js-api[0m]: The legacy JS API is deprecated and will be removed in Dart Sass 2.0.0.

More info: https://sass-lang.com/d/legacy-js-api

[33m[1mDeprecation Warning[0m [[34mlegacy-js-api[0m]: The legacy JS API is deprecated and will be removed in Dart Sass 2.0.0.

More info: https://sass-lang.com/d/legacy-js-api

[33m[1mDeprecation Warning[0m [[34mlegacy-js-api[0m]: The legacy JS API is deprecated and will be removed in Dart Sass 2.0.0.

More info: https://sass-lang.com/d/legacy-js-api

[33m[1mDeprecation Warning[0m [[34mlegacy-js-api[0m]: The legacy JS API is deprecated and will be removed in Dart Sass 2.0.0.

More info: https://sass-lang.com/d/legacy-js-api

[33m[1mDeprecation Warning[0m [[34mlegacy-js-api[0m]: The legacy JS API is deprecated and will be removed in Dart Sass 2.0.0.

More info: https://sass-lang.com/d/legacy-js-api

[33m[1mDeprecation Warning[0m [[34mlegacy-js-api[0m]: The legacy JS API is deprecated and will be removed in Dart Sass 2.0.0.

More info: https://sass-lang.com/d/legacy-js-api

[2K[1G[2K[1G[2K[1G[2K[1G[2K[1G[0m[2m11:51:51 PM [22m[1m[36m[build][39m[22m [0m[2mCompleted in 3.24s.[22m
[0m[0m
[45m[30m finalizing server assets [39m[49m

[0m[2m11:51:51 PM [22m[1m[36m[build][39m[22m [0mRearranging server assets...
[0m[2m11:51:51 PM [22m[1m[36m[build][39m[22m [0mServer built in [1m3.54s[22m
[0m[2m11:51:51 PM [22m[1m[36m[build][39m[22m [0m[1mComplete![22m
